# JRE version: OpenJDK Runtime Environment Temurin-21.0.8+9 (21.0.8+9) (build 21.0.8+9-LTS)
# Java VM: OpenJDK 64-Bit Server VM Temurin-21.0.8+9 (21.0.8+9-LTS, mixed mode, sharing, tiered, compressed oops, compressed class ptrs, parallel gc, windows-amd64)
GC Precious Log:
 CardTable entry size: 512
 CPUs: 8 total, 8 available
 Memory: 7918M
 Large Page Support: Disabled
 NUMA Support: Disabled
 Compressed Oops: Enabled (32-bit)
 Alignments: Space 512K, Generation 512K, Heap 2M
 Heap Min Capacity: 100M
 Heap Initial Capacity: 100M
 Heap Max Capacity: 2G
 Pre-touch: Disabled
 Parallel Workers: 8
Heap:
 PSYoungGen      total 15360K, used 9114K [0x00000000d5580000, 0x00000000d6600000, 0x0000000100000000)
  eden space 14336K, 56% used [0x00000000d5580000,0x00000000d5d668e8,0x00000000d6380000)
  from space 1024K, 100% used [0x00000000d6400000,0x00000000d6500000,0x00000000d6500000)
  to   space 512K, 0% used [0x00000000d6580000,0x00000000d6580000,0x00000000d6600000)
 ParOldGen       total 116736K, used 116346K [0x0000000080000000, 0x0000000087200000, 0x00000000d5580000)
  object space 116736K, 99% used [0x0000000080000000,0x000000008719e9f8,0x0000000087200000)
 Metaspace       used 57710K, committed 59008K, reserved 1114112K
  class space    used 6212K, committed 6720K, reserved 1048576K
GC Heap History (20 events):
Event: 8.991 GC heap before
{Heap before GC invocations=35 (full 2):
 PSYoungGen      total 17408K, used 17332K [0x00000000d5580000, 0x00000000d6880000, 0x0000000100000000)
  eden space 16384K, 100% used [0x00000000d5580000,0x00000000d6580000,0x00000000d6580000)
  from space 1024K, 92% used [0x00000000d6780000,0x00000000d686d3d8,0x00000000d6880000)
  to   space 1536K, 0% used [0x00000000d6580000,0x00000000d6580000,0x00000000d6700000)
 ParOldGen       total 68608K, used 45691K [0x0000000080000000, 0x0000000084300000, 0x00000000d5580000)
  object space 68608K, 66% used [0x0000000080000000,0x0000000082c9eeb0,0x0000000084300000)
 Metaspace       used 51723K, committed 53120K, reserved 1114112K
  class space    used 5659K, committed 6208K, reserved 1048576K
}
Event: 8.993 GC heap after
{Heap after GC invocations=35 (full 2):
 PSYoungGen      total 17920K, used 288K [0x00000000d5580000, 0x00000000d6800000, 0x0000000100000000)
  eden space 16384K, 0% used [0x00000000d5580000,0x00000000d5580000,0x00000000d6580000)
  from space 1536K, 18% used [0x00000000d6580000,0x00000000d65c8000,0x00000000d6700000)
  to   space 1024K, 0% used [0x00000000d6700000,0x00000000d6700000,0x00000000d6800000)
 ParOldGen       total 68608K, used 46448K [0x0000000080000000, 0x0000000084300000, 0x00000000d5580000)
  object space 68608K, 67% used [0x0000000080000000,0x0000000082d5c078,0x0000000084300000)
 Metaspace       used 51723K, committed 53120K, reserved 1114112K
  class space    used 5659K, committed 6208K, reserved 1048576K
}
Event: 9.199 GC heap before
{Heap before GC invocations=36 (full 2):
 PSYoungGen      total 17920K, used 16618K [0x00000000d5580000, 0x00000000d6800000, 0x0000000100000000)
  eden space 16384K, 99% used [0x00000000d5580000,0x00000000d65728d8,0x00000000d6580000)
  from space 1536K, 18% used [0x00000000d6580000,0x00000000d65c8000,0x00000000d6700000)
  to   space 1024K, 0% used [0x00000000d6700000,0x00000000d6700000,0x00000000d6800000)
 ParOldGen       total 68608K, used 46448K [0x0000000080000000, 0x0000000084300000, 0x00000000d5580000)
  object space 68608K, 67% used [0x0000000080000000,0x0000000082d5c078,0x0000000084300000)
 Metaspace       used 53132K, committed 54464K, reserved 1114112K
  class space    used 5801K, committed 6400K, reserved 1048576K
}
Event: 9.200 GC heap after
{Heap after GC invocations=36 (full 2):
 PSYoungGen      total 16896K, used 448K [0x00000000d5580000, 0x00000000d6780000, 0x0000000100000000)
  eden space 16384K, 0% used [0x00000000d5580000,0x00000000d5580000,0x00000000d6580000)
  from space 512K, 87% used [0x00000000d6700000,0x00000000d6770010,0x00000000d6780000)
  to   space 512K, 0% used [0x00000000d6680000,0x00000000d6680000,0x00000000d6700000)
 ParOldGen       total 68608K, used 46640K [0x0000000080000000, 0x0000000084300000, 0x00000000d5580000)
  object space 68608K, 67% used [0x0000000080000000,0x0000000082d8c078,0x0000000084300000)
 Metaspace       used 53132K, committed 54464K, reserved 1114112K
  class space    used 5801K, committed 6400K, reserved 1048576K
}
Event: 9.820 GC heap before
{Heap before GC invocations=37 (full 2):
 PSYoungGen      total 16896K, used 16832K [0x00000000d5580000, 0x00000000d6780000, 0x0000000100000000)
  eden space 16384K, 100% used [0x00000000d5580000,0x00000000d6580000,0x00000000d6580000)
  from space 512K, 87% used [0x00000000d6700000,0x00000000d6770010,0x00000000d6780000)
  to   space 512K, 0% used [0x00000000d6680000,0x00000000d6680000,0x00000000d6700000)
 ParOldGen       total 68608K, used 46640K [0x0000000080000000, 0x0000000084300000, 0x00000000d5580000)
  object space 68608K, 67% used [0x0000000080000000,0x0000000082d8c078,0x0000000084300000)
 Metaspace       used 55274K, committed 56640K, reserved 1114112K
  class space    used 6010K, committed 6592K, reserved 1048576K
}
Event: 9.821 GC heap after
{Heap after GC invocations=37 (full 2):
 PSYoungGen      total 16896K, used 505K [0x00000000d5580000, 0x00000000d6880000, 0x0000000100000000)
  eden space 16384K, 0% used [0x00000000d5580000,0x00000000d5580000,0x00000000d6580000)
  from space 512K, 98% used [0x00000000d6680000,0x00000000d66fe4b0,0x00000000d6700000)
  to   space 1536K, 0% used [0x00000000d6700000,0x00000000d6700000,0x00000000d6880000)
 ParOldGen       total 68608K, used 47452K [0x0000000080000000, 0x0000000084300000, 0x00000000d5580000)
  object space 68608K, 69% used [0x0000000080000000,0x0000000082e57370,0x0000000084300000)
 Metaspace       used 55274K, committed 56640K, reserved 1114112K
  class space    used 6010K, committed 6592K, reserved 1048576K
}
Event: 10.200 GC heap before
{Heap before GC invocations=38 (full 2):
 PSYoungGen      total 16896K, used 16799K [0x00000000d5580000, 0x00000000d6880000, 0x0000000100000000)
  eden space 16384K, 99% used [0x00000000d5580000,0x00000000d6569ab8,0x00000000d6580000)
  from space 512K, 98% used [0x00000000d6680000,0x00000000d66fe4b0,0x00000000d6700000)
  to   space 1536K, 0% used [0x00000000d6700000,0x00000000d6700000,0x00000000d6880000)
 ParOldGen       total 68608K, used 47452K [0x0000000080000000, 0x0000000084300000, 0x00000000d5580000)
  object space 68608K, 69% used [0x0000000080000000,0x0000000082e57370,0x0000000084300000)
 Metaspace       used 56638K, committed 58048K, reserved 1114112K
  class space    used 6117K, committed 6720K, reserved 1048576K
}
Event: 10.202 GC heap after
{Heap after GC invocations=38 (full 2):
 PSYoungGen      total 15872K, used 1515K [0x00000000d5580000, 0x00000000d6c80000, 0x0000000100000000)
  eden space 14336K, 0% used [0x00000000d5580000,0x00000000d5580000,0x00000000d6380000)
  from space 1536K, 98% used [0x00000000d6700000,0x00000000d687afb0,0x00000000d6880000)
  to   space 3584K, 0% used [0x00000000d6380000,0x00000000d6380000,0x00000000d6700000)
 ParOldGen       total 68608K, used 48853K [0x0000000080000000, 0x0000000084300000, 0x00000000d5580000)
  object space 68608K, 71% used [0x0000000080000000,0x0000000082fb5600,0x0000000084300000)
 Metaspace       used 56638K, committed 58048K, reserved 1114112K
  class space    used 6117K, committed 6720K, reserved 1048576K
}
Event: 10.303 GC heap before
{Heap before GC invocations=39 (full 2):
 PSYoungGen      total 15872K, used 15851K [0x00000000d5580000, 0x00000000d6c80000, 0x0000000100000000)
  eden space 14336K, 100% used [0x00000000d5580000,0x00000000d6380000,0x00000000d6380000)
  from space 1536K, 98% used [0x00000000d6700000,0x00000000d687afb0,0x00000000d6880000)
  to   space 3584K, 0% used [0x00000000d6380000,0x00000000d6380000,0x00000000d6700000)
 ParOldGen       total 68608K, used 48853K [0x0000000080000000, 0x0000000084300000, 0x00000000d5580000)
  object space 68608K, 71% used [0x0000000080000000,0x0000000082fb5600,0x0000000084300000)
 Metaspace       used 57468K, committed 58816K, reserved 1114112K
  class space    used 6198K, committed 6720K, reserved 1048576K
}
Event: 10.305 GC heap after
{Heap after GC invocations=39 (full 2):
 PSYoungGen      total 17920K, used 3395K [0x00000000d5580000, 0x00000000d6a80000, 0x0000000100000000)
  eden space 14336K, 0% used [0x00000000d5580000,0x00000000d5580000,0x00000000d6380000)
  from space 3584K, 94% used [0x00000000d6380000,0x00000000d66d0f30,0x00000000d6700000)
  to   space 3584K, 0% used [0x00000000d6700000,0x00000000d6700000,0x00000000d6a80000)
 ParOldGen       total 68608K, used 50344K [0x0000000080000000, 0x0000000084300000, 0x00000000d5580000)
  object space 68608K, 73% used [0x0000000080000000,0x000000008312a1c8,0x0000000084300000)
 Metaspace       used 57468K, committed 58816K, reserved 1114112K
  class space    used 6198K, committed 6720K, reserved 1048576K
}
Event: 10.395 GC heap before
{Heap before GC invocations=40 (full 2):
 PSYoungGen      total 17920K, used 17217K [0x00000000d5580000, 0x00000000d6a80000, 0x0000000100000000)
  eden space 14336K, 96% used [0x00000000d5580000,0x00000000d62ff648,0x00000000d6380000)
  from space 3584K, 94% used [0x00000000d6380000,0x00000000d66d0f30,0x00000000d6700000)
  to   space 3584K, 0% used [0x00000000d6700000,0x00000000d6700000,0x00000000d6a80000)
 ParOldGen       total 68608K, used 50344K [0x0000000080000000, 0x0000000084300000, 0x00000000d5580000)
  object space 68608K, 73% used [0x0000000080000000,0x000000008312a1c8,0x0000000084300000)
 Metaspace       used 57540K, committed 58944K, reserved 1114112K
  class space    used 6201K, committed 6720K, reserved 1048576K
}
Event: 10.398 GC heap after
{Heap after GC invocations=40 (full 2):
 PSYoungGen      total 17920K, used 3183K [0x00000000d5580000, 0x00000000d6a80000, 0x0000000100000000)
  eden space 14336K, 0% used [0x00000000d5580000,0x00000000d5580000,0x00000000d6380000)
  from space 3584K, 88% used [0x00000000d6700000,0x00000000d6a1bdb0,0x00000000d6a80000)
  to   space 3584K, 0% used [0x00000000d6380000,0x00000000d6380000,0x00000000d6700000)
 ParOldGen       total 68608K, used 52257K [0x0000000080000000, 0x0000000084300000, 0x00000000d5580000)
  object space 68608K, 76% used [0x0000000080000000,0x0000000083308680,0x0000000084300000)
 Metaspace       used 57540K, committed 58944K, reserved 1114112K
  class space    used 6201K, committed 6720K, reserved 1048576K
}
Event: 10.458 GC heap before
{Heap before GC invocations=41 (full 2):
 PSYoungGen      total 17920K, used 17519K [0x00000000d5580000, 0x00000000d6a80000, 0x0000000100000000)
  eden space 14336K, 100% used [0x00000000d5580000,0x00000000d6380000,0x00000000d6380000)
  from space 3584K, 88% used [0x00000000d6700000,0x00000000d6a1bdb0,0x00000000d6a80000)
  to   space 3584K, 0% used [0x00000000d6380000,0x00000000d6380000,0x00000000d6700000)
 ParOldGen       total 83968K, used 75237K [0x0000000080000000, 0x0000000085200000, 0x00000000d5580000)
  object space 83968K, 89% used [0x0000000080000000,0x00000000849796a0,0x0000000085200000)
 Metaspace       used 57620K, committed 59008K, reserved 1114112K
  class space    used 6210K, committed 6720K, reserved 1048576K
}
Event: 10.460 GC heap after
{Heap after GC invocations=41 (full 2):
 PSYoungGen      total 15360K, used 619K [0x00000000d5580000, 0x00000000d6780000, 0x0000000100000000)
  eden space 14336K, 0% used [0x00000000d5580000,0x00000000d5580000,0x00000000d6380000)
  from space 1024K, 60% used [0x00000000d6380000,0x00000000d641ac88,0x00000000d6480000)
  to   space 2048K, 0% used [0x00000000d6580000,0x00000000d6580000,0x00000000d6780000)
 ParOldGen       total 83968K, used 77327K [0x0000000080000000, 0x0000000085200000, 0x00000000d5580000)
  object space 83968K, 92% used [0x0000000080000000,0x0000000084b83e40,0x0000000085200000)
 Metaspace       used 57620K, committed 59008K, reserved 1114112K
  class space    used 6210K, committed 6720K, reserved 1048576K
}
Event: 10.507 GC heap before
{Heap before GC invocations=42 (full 2):
 PSYoungGen      total 15360K, used 14955K [0x00000000d5580000, 0x00000000d6780000, 0x0000000100000000)
  eden space 14336K, 100% used [0x00000000d5580000,0x00000000d6380000,0x00000000d6380000)
  from space 1024K, 60% used [0x00000000d6380000,0x00000000d641ac88,0x00000000d6480000)
  to   space 2048K, 0% used [0x00000000d6580000,0x00000000d6580000,0x00000000d6780000)
 ParOldGen       total 95232K, used 88336K [0x0000000080000000, 0x0000000085d00000, 0x00000000d5580000)
  object space 95232K, 92% used [0x0000000080000000,0x00000000856443e0,0x0000000085d00000)
 Metaspace       used 57630K, committed 59008K, reserved 1114112K
  class space    used 6211K, committed 6720K, reserved 1048576K
}
Event: 10.516 GC heap after
{Heap after GC invocations=42 (full 2):
 PSYoungGen      total 14848K, used 352K [0x00000000d5580000, 0x00000000d6600000, 0x0000000100000000)
  eden space 14336K, 0% used [0x00000000d5580000,0x00000000d5580000,0x00000000d6380000)
  from space 512K, 68% used [0x00000000d6580000,0x00000000d65d8000,0x00000000d6600000)
  to   space 1024K, 0% used [0x00000000d6400000,0x00000000d6400000,0x00000000d6500000)
 ParOldGen       total 106496K, used 99866K [0x0000000080000000, 0x0000000086800000, 0x00000000d5580000)
  object space 106496K, 93% used [0x0000000080000000,0x00000000861869f8,0x0000000086800000)
 Metaspace       used 57630K, committed 59008K, reserved 1114112K
  class space    used 6211K, committed 6720K, reserved 1048576K
}
Event: 10.576 GC heap before
{Heap before GC invocations=43 (full 2):
 PSYoungGen      total 14848K, used 14688K [0x00000000d5580000, 0x00000000d6600000, 0x0000000100000000)
  eden space 14336K, 100% used [0x00000000d5580000,0x00000000d6380000,0x00000000d6380000)
  from space 512K, 68% used [0x00000000d6580000,0x00000000d65d8000,0x00000000d6600000)
  to   space 1024K, 0% used [0x00000000d6400000,0x00000000d6400000,0x00000000d6500000)
 ParOldGen       total 106496K, used 99866K [0x0000000080000000, 0x0000000086800000, 0x00000000d5580000)
  object space 106496K, 93% used [0x0000000080000000,0x00000000861869f8,0x0000000086800000)
 Metaspace       used 57635K, committed 59008K, reserved 1114112K
  class space    used 6212K, committed 6720K, reserved 1048576K
}
Event: 10.582 GC heap after
{Heap after GC invocations=43 (full 2):
 PSYoungGen      total 15360K, used 1024K [0x00000000d5580000, 0x00000000d6600000, 0x0000000100000000)
  eden space 14336K, 0% used [0x00000000d5580000,0x00000000d5580000,0x00000000d6380000)
  from space 1024K, 100% used [0x00000000d6400000,0x00000000d6500000,0x00000000d6500000)
  to   space 512K, 0% used [0x00000000d6580000,0x00000000d6580000,0x00000000d6600000)
 ParOldGen       total 106496K, used 103994K [0x0000000080000000, 0x0000000086800000, 0x00000000d5580000)
  object space 106496K, 97% used [0x0000000080000000,0x000000008658e9f8,0x0000000086800000)
 Metaspace       used 57635K, committed 59008K, reserved 1114112K
  class space    used 6212K, committed 6720K, reserved 1048576K
}
Event: 10.653 GC heap before
{Heap before GC invocations=44 (full 2):
 PSYoungGen      total 15360K, used 15360K [0x00000000d5580000, 0x00000000d6600000, 0x0000000100000000)
  eden space 14336K, 100% used [0x00000000d5580000,0x00000000d6380000,0x00000000d6380000)
  from space 1024K, 100% used [0x00000000d6400000,0x00000000d6500000,0x00000000d6500000)
  to   space 512K, 0% used [0x00000000d6580000,0x00000000d6580000,0x00000000d6600000)
 ParOldGen       total 106496K, used 103994K [0x0000000080000000, 0x0000000086800000, 0x00000000d5580000)
  object space 106496K, 97% used [0x0000000080000000,0x000000008658e9f8,0x0000000086800000)
 Metaspace       used 57689K, committed 59008K, reserved 1114112K
  class space    used 6212K, committed 6720K, reserved 1048576K
}
Event: 10.659 GC heap after
{Heap after GC invocations=44 (full 2):
 PSYoungGen      total 14848K, used 512K [0x00000000d5580000, 0x00000000d6600000, 0x0000000100000000)
  eden space 14336K, 0% used [0x00000000d5580000,0x00000000d5580000,0x00000000d6380000)
  from space 512K, 100% used [0x00000000d6580000,0x00000000d6600000,0x00000000d6600000)
  to   space 1024K, 0% used [0x00000000d6400000,0x00000000d6400000,0x00000000d6500000)
 ParOldGen       total 111616K, used 111290K [0x0000000080000000, 0x0000000086d00000, 0x00000000d5580000)
  object space 111616K, 99% used [0x0000000080000000,0x0000000086cae9f8,0x0000000086d00000)
 Metaspace       used 57689K, committed 59008K, reserved 1114112K
  class space    used 6212K, committed 6720K, reserved 1048576K
}

