# JRE version: OpenJDK Runtime Environment Temurin-21.0.8+9 (21.0.8+9) (build 21.0.8+9-LTS)
# Java VM: OpenJDK 64-Bit Server VM Temurin-21.0.8+9 (21.0.8+9-LTS, mixed mode, sharing, tiered, compressed oops, compressed class ptrs, parallel gc, windows-amd64)
GC Precious Log:
 CardTable entry size: 512
 CPUs: 8 total, 8 available
 Memory: 7918M
 Large Page Support: Disabled
 NUMA Support: Disabled
 Compressed Oops: Enabled (32-bit)
 Alignments: Space 512K, Generation 512K, Heap 2M
 Heap Min Capacity: 100M
 Heap Initial Capacity: 100M
 Heap Max Capacity: 2G
 Pre-touch: Disabled
 Parallel Workers: 8
Heap:
 PSYoungGen      total 14848K, used 11478K [0x00000000d5580000, 0x00000000d6700000, 0x0000000100000000)
  eden space 14336K, 77% used [0x00000000d5580000,0x00000000d604dbb8,0x00000000d6380000)
  from space 512K, 81% used [0x00000000d6680000,0x00000000d66e8000,0x00000000d6700000)
  to   space 1536K, 0% used [0x00000000d6400000,0x00000000d6400000,0x00000000d6580000)
 ParOldGen       total 68608K, used 53439K [0x0000000080000000, 0x0000000084300000, 0x00000000d5580000)
  object space 68608K, 77% used [0x0000000080000000,0x000000008342fc18,0x0000000084300000)
 Metaspace       used 57282K, committed 58752K, reserved 1114112K
  class space    used 6219K, committed 6848K, reserved 1048576K
GC Heap History (20 events):
Event: 7.347 GC heap before
{Heap before GC invocations=35 (full 2):
 PSYoungGen      total 16896K, used 16416K [0x00000000d5580000, 0x00000000d6780000, 0x0000000100000000)
  eden space 15360K, 100% used [0x00000000d5580000,0x00000000d6480000,0x00000000d6480000)
  from space 1536K, 68% used [0x00000000d6600000,0x00000000d6708000,0x00000000d6780000)
  to   space 1536K, 0% used [0x00000000d6480000,0x00000000d6480000,0x00000000d6600000)
 ParOldGen       total 68608K, used 45398K [0x0000000080000000, 0x0000000084300000, 0x00000000d5580000)
  object space 68608K, 66% used [0x0000000080000000,0x0000000082c55888,0x0000000084300000)
 Metaspace       used 51114K, committed 52544K, reserved 1114112K
  class space    used 5621K, committed 6272K, reserved 1048576K
}
Event: 7.348 GC heap after
{Heap after GC invocations=35 (full 2):
 PSYoungGen      total 16384K, used 532K [0x00000000d5580000, 0x00000000d6680000, 0x0000000100000000)
  eden space 15360K, 0% used [0x00000000d5580000,0x00000000d5580000,0x00000000d6480000)
  from space 1024K, 52% used [0x00000000d6480000,0x00000000d65053c8,0x00000000d6580000)
  to   space 1024K, 0% used [0x00000000d6580000,0x00000000d6580000,0x00000000d6680000)
 ParOldGen       total 68608K, used 46321K [0x0000000080000000, 0x0000000084300000, 0x00000000d5580000)
  object space 68608K, 67% used [0x0000000080000000,0x0000000082d3c568,0x0000000084300000)
 Metaspace       used 51114K, committed 52544K, reserved 1114112K
  class space    used 5621K, committed 6272K, reserved 1048576K
}
Event: 7.545 GC heap before
{Heap before GC invocations=36 (full 2):
 PSYoungGen      total 16384K, used 15892K [0x00000000d5580000, 0x00000000d6680000, 0x0000000100000000)
  eden space 15360K, 100% used [0x00000000d5580000,0x00000000d6480000,0x00000000d6480000)
  from space 1024K, 52% used [0x00000000d6480000,0x00000000d65053c8,0x00000000d6580000)
  to   space 1024K, 0% used [0x00000000d6580000,0x00000000d6580000,0x00000000d6680000)
 ParOldGen       total 68608K, used 46321K [0x0000000080000000, 0x0000000084300000, 0x00000000d5580000)
  object space 68608K, 67% used [0x0000000080000000,0x0000000082d3c568,0x0000000084300000)
 Metaspace       used 51907K, committed 53312K, reserved 1114112K
  class space    used 5701K, committed 6336K, reserved 1048576K
}
Event: 7.546 GC heap after
{Heap after GC invocations=36 (full 2):
 PSYoungGen      total 15872K, used 352K [0x00000000d5580000, 0x00000000d6600000, 0x0000000100000000)
  eden space 15360K, 0% used [0x00000000d5580000,0x00000000d5580000,0x00000000d6480000)
  from space 512K, 68% used [0x00000000d6580000,0x00000000d65d8000,0x00000000d6600000)
  to   space 512K, 0% used [0x00000000d6500000,0x00000000d6500000,0x00000000d6580000)
 ParOldGen       total 68608K, used 46729K [0x0000000080000000, 0x0000000084300000, 0x00000000d5580000)
  object space 68608K, 68% used [0x0000000080000000,0x0000000082da2490,0x0000000084300000)
 Metaspace       used 51907K, committed 53312K, reserved 1114112K
  class space    used 5701K, committed 6336K, reserved 1048576K
}
Event: 7.877 GC heap before
{Heap before GC invocations=37 (full 2):
 PSYoungGen      total 15872K, used 15712K [0x00000000d5580000, 0x00000000d6600000, 0x0000000100000000)
  eden space 15360K, 100% used [0x00000000d5580000,0x00000000d6480000,0x00000000d6480000)
  from space 512K, 68% used [0x00000000d6580000,0x00000000d65d8000,0x00000000d6600000)
  to   space 512K, 0% used [0x00000000d6500000,0x00000000d6500000,0x00000000d6580000)
 ParOldGen       total 68608K, used 46729K [0x0000000080000000, 0x0000000084300000, 0x00000000d5580000)
  object space 68608K, 68% used [0x0000000080000000,0x0000000082da2490,0x0000000084300000)
 Metaspace       used 53688K, committed 55104K, reserved 1114112K
  class space    used 5874K, committed 6528K, reserved 1048576K
}
Event: 7.879 GC heap after
{Heap after GC invocations=37 (full 2):
 PSYoungGen      total 15872K, used 480K [0x00000000d5580000, 0x00000000d6680000, 0x0000000100000000)
  eden space 15360K, 0% used [0x00000000d5580000,0x00000000d5580000,0x00000000d6480000)
  from space 512K, 93% used [0x00000000d6500000,0x00000000d6578010,0x00000000d6580000)
  to   space 1024K, 0% used [0x00000000d6580000,0x00000000d6580000,0x00000000d6680000)
 ParOldGen       total 68608K, used 46977K [0x0000000080000000, 0x0000000084300000, 0x00000000d5580000)
  object space 68608K, 68% used [0x0000000080000000,0x0000000082de04a0,0x0000000084300000)
 Metaspace       used 53688K, committed 55104K, reserved 1114112K
  class space    used 5874K, committed 6528K, reserved 1048576K
}
Event: 8.217 GC heap before
{Heap before GC invocations=38 (full 2):
 PSYoungGen      total 15872K, used 15840K [0x00000000d5580000, 0x00000000d6680000, 0x0000000100000000)
  eden space 15360K, 100% used [0x00000000d5580000,0x00000000d6480000,0x00000000d6480000)
  from space 512K, 93% used [0x00000000d6500000,0x00000000d6578010,0x00000000d6580000)
  to   space 1024K, 0% used [0x00000000d6580000,0x00000000d6580000,0x00000000d6680000)
 ParOldGen       total 68608K, used 46977K [0x0000000080000000, 0x0000000084300000, 0x00000000d5580000)
  object space 68608K, 68% used [0x0000000080000000,0x0000000082de04a0,0x0000000084300000)
 Metaspace       used 55004K, committed 56384K, reserved 1114112K
  class space    used 6010K, committed 6592K, reserved 1048576K
}
Event: 8.219 GC heap after
{Heap after GC invocations=38 (full 2):
 PSYoungGen      total 15360K, used 1008K [0x00000000d5580000, 0x00000000d6880000, 0x0000000100000000)
  eden space 14336K, 0% used [0x00000000d5580000,0x00000000d5580000,0x00000000d6380000)
  from space 1024K, 98% used [0x00000000d6580000,0x00000000d667c010,0x00000000d6680000)
  to   space 2048K, 0% used [0x00000000d6380000,0x00000000d6380000,0x00000000d6580000)
 ParOldGen       total 68608K, used 47505K [0x0000000080000000, 0x0000000084300000, 0x00000000d5580000)
  object space 68608K, 69% used [0x0000000080000000,0x0000000082e64660,0x0000000084300000)
 Metaspace       used 55004K, committed 56384K, reserved 1114112K
  class space    used 6010K, committed 6592K, reserved 1048576K
}
Event: 8.566 GC heap before
{Heap before GC invocations=39 (full 2):
 PSYoungGen      total 15360K, used 15343K [0x00000000d5580000, 0x00000000d6880000, 0x0000000100000000)
  eden space 14336K, 99% used [0x00000000d5580000,0x00000000d637ffc0,0x00000000d6380000)
  from space 1024K, 98% used [0x00000000d6580000,0x00000000d667c010,0x00000000d6680000)
  to   space 2048K, 0% used [0x00000000d6380000,0x00000000d6380000,0x00000000d6580000)
 ParOldGen       total 68608K, used 47505K [0x0000000080000000, 0x0000000084300000, 0x00000000d5580000)
  object space 68608K, 69% used [0x0000000080000000,0x0000000082e64660,0x0000000084300000)
 Metaspace       used 55953K, committed 57408K, reserved 1114112K
  class space    used 6083K, committed 6720K, reserved 1048576K
}
Event: 8.568 GC heap after
{Heap after GC invocations=39 (full 2):
 PSYoungGen      total 15872K, used 1456K [0x00000000d5580000, 0x00000000d6680000, 0x0000000100000000)
  eden space 14336K, 0% used [0x00000000d5580000,0x00000000d5580000,0x00000000d6380000)
  from space 1536K, 94% used [0x00000000d6380000,0x00000000d64ec2f8,0x00000000d6500000)
  to   space 1536K, 0% used [0x00000000d6500000,0x00000000d6500000,0x00000000d6680000)
 ParOldGen       total 68608K, used 48409K [0x0000000080000000, 0x0000000084300000, 0x00000000d5580000)
  object space 68608K, 70% used [0x0000000080000000,0x0000000082f466d0,0x0000000084300000)
 Metaspace       used 55953K, committed 57408K, reserved 1114112K
  class space    used 6083K, committed 6720K, reserved 1048576K
}
Event: 8.720 GC heap before
{Heap before GC invocations=40 (full 2):
 PSYoungGen      total 15872K, used 15792K [0x00000000d5580000, 0x00000000d6680000, 0x0000000100000000)
  eden space 14336K, 100% used [0x00000000d5580000,0x00000000d6380000,0x00000000d6380000)
  from space 1536K, 94% used [0x00000000d6380000,0x00000000d64ec2f8,0x00000000d6500000)
  to   space 1536K, 0% used [0x00000000d6500000,0x00000000d6500000,0x00000000d6680000)
 ParOldGen       total 68608K, used 48409K [0x0000000080000000, 0x0000000084300000, 0x00000000d5580000)
  object space 68608K, 70% used [0x0000000080000000,0x0000000082f466d0,0x0000000084300000)
 Metaspace       used 55971K, committed 57408K, reserved 1114112K
  class space    used 6083K, committed 6720K, reserved 1048576K
}
Event: 8.723 GC heap after
{Heap after GC invocations=40 (full 2):
 PSYoungGen      total 15872K, used 1011K [0x00000000d5580000, 0x00000000d6680000, 0x0000000100000000)
  eden space 14336K, 0% used [0x00000000d5580000,0x00000000d5580000,0x00000000d6380000)
  from space 1536K, 65% used [0x00000000d6500000,0x00000000d65fcf38,0x00000000d6680000)
  to   space 1536K, 0% used [0x00000000d6380000,0x00000000d6380000,0x00000000d6500000)
 ParOldGen       total 68608K, used 49590K [0x0000000080000000, 0x0000000084300000, 0x00000000d5580000)
  object space 68608K, 72% used [0x0000000080000000,0x000000008306dbb8,0x0000000084300000)
 Metaspace       used 55971K, committed 57408K, reserved 1114112K
  class space    used 6083K, committed 6720K, reserved 1048576K
}
Event: 8.905 GC heap before
{Heap before GC invocations=41 (full 2):
 PSYoungGen      total 15872K, used 15347K [0x00000000d5580000, 0x00000000d6680000, 0x0000000100000000)
  eden space 14336K, 100% used [0x00000000d5580000,0x00000000d6380000,0x00000000d6380000)
  from space 1536K, 65% used [0x00000000d6500000,0x00000000d65fcf38,0x00000000d6680000)
  to   space 1536K, 0% used [0x00000000d6380000,0x00000000d6380000,0x00000000d6500000)
 ParOldGen       total 68608K, used 49590K [0x0000000080000000, 0x0000000084300000, 0x00000000d5580000)
  object space 68608K, 72% used [0x0000000080000000,0x000000008306dbb8,0x0000000084300000)
 Metaspace       used 56086K, committed 57536K, reserved 1114112K
  class space    used 6086K, committed 6720K, reserved 1048576K
}
Event: 8.907 GC heap after
{Heap after GC invocations=41 (full 2):
 PSYoungGen      total 15360K, used 777K [0x00000000d5580000, 0x00000000d6580000, 0x0000000100000000)
  eden space 14336K, 0% used [0x00000000d5580000,0x00000000d5580000,0x00000000d6380000)
  from space 1024K, 75% used [0x00000000d6380000,0x00000000d64424f0,0x00000000d6480000)
  to   space 1024K, 0% used [0x00000000d6480000,0x00000000d6480000,0x00000000d6580000)
 ParOldGen       total 68608K, used 50418K [0x0000000080000000, 0x0000000084300000, 0x00000000d5580000)
  object space 68608K, 73% used [0x0000000080000000,0x000000008313caf0,0x0000000084300000)
 Metaspace       used 56086K, committed 57536K, reserved 1114112K
  class space    used 6086K, committed 6720K, reserved 1048576K
}
Event: 9.037 GC heap before
{Heap before GC invocations=42 (full 2):
 PSYoungGen      total 15360K, used 15113K [0x00000000d5580000, 0x00000000d6580000, 0x0000000100000000)
  eden space 14336K, 100% used [0x00000000d5580000,0x00000000d6380000,0x00000000d6380000)
  from space 1024K, 75% used [0x00000000d6380000,0x00000000d64424f0,0x00000000d6480000)
  to   space 1024K, 0% used [0x00000000d6480000,0x00000000d6480000,0x00000000d6580000)
 ParOldGen       total 68608K, used 50418K [0x0000000080000000, 0x0000000084300000, 0x00000000d5580000)
  object space 68608K, 73% used [0x0000000080000000,0x000000008313caf0,0x0000000084300000)
 Metaspace       used 56113K, committed 57536K, reserved 1114112K
  class space    used 6087K, committed 6720K, reserved 1048576K
}
Event: 9.038 GC heap after
{Heap after GC invocations=42 (full 2):
 PSYoungGen      total 15360K, used 448K [0x00000000d5580000, 0x00000000d6580000, 0x0000000100000000)
  eden space 14336K, 0% used [0x00000000d5580000,0x00000000d5580000,0x00000000d6380000)
  from space 1024K, 43% used [0x00000000d6480000,0x00000000d64f0000,0x00000000d6580000)
  to   space 1024K, 0% used [0x00000000d6380000,0x00000000d6380000,0x00000000d6480000)
 ParOldGen       total 68608K, used 50850K [0x0000000080000000, 0x0000000084300000, 0x00000000d5580000)
  object space 68608K, 74% used [0x0000000080000000,0x00000000831a88d8,0x0000000084300000)
 Metaspace       used 56113K, committed 57536K, reserved 1114112K
  class space    used 6087K, committed 6720K, reserved 1048576K
}
Event: 9.391 GC heap before
{Heap before GC invocations=43 (full 2):
 PSYoungGen      total 15360K, used 14784K [0x00000000d5580000, 0x00000000d6580000, 0x0000000100000000)
  eden space 14336K, 100% used [0x00000000d5580000,0x00000000d6380000,0x00000000d6380000)
  from space 1024K, 43% used [0x00000000d6480000,0x00000000d64f0000,0x00000000d6580000)
  to   space 1024K, 0% used [0x00000000d6380000,0x00000000d6380000,0x00000000d6480000)
 ParOldGen       total 68608K, used 50850K [0x0000000080000000, 0x0000000084300000, 0x00000000d5580000)
  object space 68608K, 74% used [0x0000000080000000,0x00000000831a88d8,0x0000000084300000)
 Metaspace       used 57091K, committed 58560K, reserved 1114112K
  class space    used 6202K, committed 6848K, reserved 1048576K
}
Event: 9.393 GC heap after
{Heap after GC invocations=43 (full 2):
 PSYoungGen      total 15360K, used 1015K [0x00000000d5580000, 0x00000000d6980000, 0x0000000100000000)
  eden space 14336K, 0% used [0x00000000d5580000,0x00000000d5580000,0x00000000d6380000)
  from space 1024K, 99% used [0x00000000d6380000,0x00000000d647dc28,0x00000000d6480000)
  to   space 3072K, 0% used [0x00000000d6680000,0x00000000d6680000,0x00000000d6980000)
 ParOldGen       total 68608K, used 52460K [0x0000000080000000, 0x0000000084300000, 0x00000000d5580000)
  object space 68608K, 76% used [0x0000000080000000,0x000000008333b068,0x0000000084300000)
 Metaspace       used 57091K, committed 58560K, reserved 1114112K
  class space    used 6202K, committed 6848K, reserved 1048576K
}
Event: 9.433 GC heap before
{Heap before GC invocations=44 (full 2):
 PSYoungGen      total 15360K, used 15351K [0x00000000d5580000, 0x00000000d6980000, 0x0000000100000000)
  eden space 14336K, 100% used [0x00000000d5580000,0x00000000d6380000,0x00000000d6380000)
  from space 1024K, 99% used [0x00000000d6380000,0x00000000d647dc28,0x00000000d6480000)
  to   space 3072K, 0% used [0x00000000d6680000,0x00000000d6680000,0x00000000d6980000)
 ParOldGen       total 68608K, used 52460K [0x0000000080000000, 0x0000000084300000, 0x00000000d5580000)
  object space 68608K, 76% used [0x0000000080000000,0x000000008333b068,0x0000000084300000)
 Metaspace       used 57241K, committed 58688K, reserved 1114112K
  class space    used 6212K, committed 6848K, reserved 1048576K
}
Event: 9.436 GC heap after
{Heap after GC invocations=44 (full 2):
 PSYoungGen      total 14848K, used 416K [0x00000000d5580000, 0x00000000d6700000, 0x0000000100000000)
  eden space 14336K, 0% used [0x00000000d5580000,0x00000000d5580000,0x00000000d6380000)
  from space 512K, 81% used [0x00000000d6680000,0x00000000d66e8000,0x00000000d6700000)
  to   space 1536K, 0% used [0x00000000d6400000,0x00000000d6400000,0x00000000d6580000)
 ParOldGen       total 68608K, used 53439K [0x0000000080000000, 0x0000000084300000, 0x00000000d5580000)
  object space 68608K, 77% used [0x0000000080000000,0x000000008342fc18,0x0000000084300000)
 Metaspace       used 57241K, committed 58688K, reserved 1114112K
  class space    used 6212K, committed 6848K, reserved 1048576K
}

